INFO 2025-07-25 02:05:07,166 autoreload 27863 8303903296 Watching for file changes with StatReloader
INFO 2025-07-25 02:10:59,687 autoreload 28849 8303903296 Watching for file changes with StatReloader
INFO 2025-07-25 02:11:09,761 basehttp 28849 6169669632 "GET /health/ HTTP/1.1" 200 59
INFO 2025-07-25 02:11:54,135 autoreload 28849 8303903296 /Users/sabeehqureshi/Desktop/github projects/Modern-Legacy/modern-edx/services/lms/lms/urls.py changed, reloading.
INFO 2025-07-25 02:11:54,383 autoreload 29347 8303903296 Watching for file changes with StatReloader
INFO 2025-07-25 02:12:03,731 autoreload 29347 8303903296 /Users/sabeehqureshi/Desktop/github projects/Modern-Legacy/modern-edx/services/lms/lms/urls.py changed, reloading.
INFO 2025-07-25 02:12:03,868 autoreload 29351 8303903296 Watching for file changes with StatReloader
INFO 2025-07-25 02:12:13,811 basehttp 29351 6165590016 "GET /api/info/ HTTP/1.1" 200 197
INFO 2025-07-25 02:12:18,066 basehttp 29351 6165590016 "GET / HTTP/1.1" 200 5482
INFO 2025-07-25 02:12:18,081 basehttp 29351 6165590016 "GET / HTTP/1.1" 200 5482
WARNING 2025-07-25 02:12:18,246 log 29351 6165590016 Not Found: /favicon.ico
WARNING 2025-07-25 02:12:18,247 basehttp 29351 6165590016 "GET /favicon.ico HTTP/1.1" 404 2922
INFO 2025-07-25 02:12:31,040 basehttp 29351 6165590016 "GET /admin/ HTTP/1.1" 302 0
INFO 2025-07-25 02:12:31,070 basehttp 29351 6165590016 "GET /admin/login/?next=/admin/ HTTP/1.1" 200 4192
INFO 2025-07-25 02:12:31,108 basehttp 29351 6249721856 "GET /static/admin/css/login.css HTTP/1.1" 200 958
INFO 2025-07-25 02:12:31,110 basehttp 29351 6199242752 "GET /static/admin/js/theme.js HTTP/1.1" 200 1943
INFO 2025-07-25 02:12:31,110 basehttp 29351 6165590016 "GET /static/admin/css/base.css HTTP/1.1" 200 21207
INFO 2025-07-25 02:12:31,111 basehttp 29351 6216069120 "GET /static/admin/css/nav_sidebar.css HTTP/1.1" 200 2694
INFO 2025-07-25 02:12:31,111 basehttp 29351 6232895488 "GET /static/admin/js/nav_sidebar.js HTTP/1.1" 200 3063
INFO 2025-07-25 02:12:31,111 basehttp 29351 6182416384 "GET /static/admin/css/dark_mode.css HTTP/1.1" 200 2929
INFO 2025-07-25 02:12:31,112 basehttp 29351 6249721856 "GET /static/admin/css/responsive.css HTTP/1.1" 200 18533
WARNING 2025-07-25 02:12:35,981 log 29351 6165590016 Forbidden: /api/v1/
WARNING 2025-07-25 02:12:35,982 basehttp 29351 6165590016 "GET /api/v1/ HTTP/1.1" 403 9763
INFO 2025-07-25 02:12:36,005 basehttp 29351 6182416384 "GET /static/rest_framework/css/prettify.css HTTP/1.1" 200 817
INFO 2025-07-25 02:12:36,005 basehttp 29351 6165590016 "GET /static/rest_framework/js/ajax-form.js HTTP/1.1" 200 3597
INFO 2025-07-25 02:12:36,006 basehttp 29351 6232895488 "GET /static/rest_framework/css/bootstrap-tweaks.css HTTP/1.1" 200 3385
INFO 2025-07-25 02:12:36,007 basehttp 29351 6249721856 "GET /static/rest_framework/css/default.css HTTP/1.1" 200 1152
INFO 2025-07-25 02:12:36,008 basehttp 29351 6182416384 "GET /static/rest_framework/js/csrf.js HTTP/1.1" 200 1719
INFO 2025-07-25 02:12:36,009 basehttp 29351 6249721856 "GET /static/rest_framework/js/default.js HTTP/1.1" 200 1268
INFO 2025-07-25 02:12:36,009 basehttp 29351 6232895488 "GET /static/rest_framework/js/prettify-min.js HTTP/1.1" 200 13632
INFO 2025-07-25 02:12:36,010 basehttp 29351 6199242752 "GET /static/rest_framework/js/jquery-3.5.1.min.js HTTP/1.1" 200 89476
INFO 2025-07-25 02:12:36,010 basehttp 29351 6165590016 "GET /static/rest_framework/js/bootstrap.min.js HTTP/1.1" 200 39680
INFO 2025-07-25 02:12:36,010 basehttp 29351 6216069120 "GET /static/rest_framework/css/bootstrap.min.css HTTP/1.1" 200 121457
INFO 2025-07-25 02:12:36,030 basehttp 29351 6182416384 "GET /static/rest_framework/img/grid.png HTTP/1.1" 200 1458
INFO 2025-07-25 02:12:40,247 basehttp 29351 6232895488 "GET /health/ HTTP/1.1" 200 59
INFO 2025-07-25 02:15:07,918 basehttp 29351 6165590016 "GET /admin/ HTTP/1.1" 302 0
INFO 2025-07-25 02:15:07,927 basehttp 29351 6182416384 "GET /admin/login/?next=/admin/ HTTP/1.1" 200 4192
INFO 2025-07-25 02:15:07,929 basehttp 29351 6199242752 "GET /static/admin/css/login.css HTTP/1.1" 304 0
INFO 2025-07-25 02:15:07,929 basehttp 29351 6216069120 "GET /static/admin/js/nav_sidebar.js HTTP/1.1" 304 0
INFO 2025-07-25 02:15:07,930 basehttp 29351 6182416384 "GET /static/admin/js/theme.js HTTP/1.1" 304 0
INFO 2025-07-25 02:15:07,930 basehttp 29351 6199242752 "GET /static/admin/css/responsive.css HTTP/1.1" 304 0
INFO 2025-07-25 02:15:07,930 basehttp 29351 6165590016 "GET /static/admin/css/base.css HTTP/1.1" 304 0
INFO 2025-07-25 02:15:07,930 basehttp 29351 6249721856 "GET /static/admin/css/dark_mode.css HTTP/1.1" 304 0
INFO 2025-07-25 02:15:07,930 basehttp 29351 6232895488 "GET /static/admin/css/nav_sidebar.css HTTP/1.1" 304 0
INFO 2025-07-25 02:15:07,941 basehttp 29351 6216069120 "GET /static/admin/css/base.css HTTP/1.1" 304 0
INFO 2025-07-25 02:15:07,942 basehttp 29351 6182416384 "GET /static/admin/js/theme.js HTTP/1.1" 304 0
INFO 2025-07-25 02:15:07,942 basehttp 29351 6199242752 "GET /static/admin/css/nav_sidebar.css HTTP/1.1" 304 0
INFO 2025-07-25 02:15:07,943 basehttp 29351 6249721856 "GET /static/admin/js/nav_sidebar.js HTTP/1.1" 304 0
INFO 2025-07-25 02:15:07,943 basehttp 29351 6165590016 "GET /static/admin/css/dark_mode.css HTTP/1.1" 304 0
INFO 2025-07-25 02:15:07,943 basehttp 29351 6232895488 "GET /static/admin/css/login.css HTTP/1.1" 304 0
INFO 2025-07-25 02:15:07,943 basehttp 29351 6182416384 "GET /static/admin/css/responsive.css HTTP/1.1" 304 0
INFO 2025-07-25 02:15:28,088 basehttp 29351 6199242752 "GET /admin/ HTTP/1.1" 302 0
INFO 2025-07-25 02:15:28,102 basehttp 29351 6249721856 "GET /admin/login/?next=/admin/ HTTP/1.1" 200 4192
INFO 2025-07-25 02:15:33,304 basehttp 29351 6165590016 "POST /admin/login/?next=/admin/ HTTP/1.1" 200 4353
INFO 2025-07-25 02:16:31,929 basehttp 29351 6165590016 "GET /admin/ HTTP/1.1" 302 0
INFO 2025-07-25 02:16:31,939 basehttp 29351 6182416384 "GET /admin/login/?next=/admin/ HTTP/1.1" 200 4192
INFO 2025-07-25 02:16:31,942 basehttp 29351 6199242752 "GET /static/admin/css/base.css HTTP/1.1" 304 0
INFO 2025-07-25 02:16:31,943 basehttp 29351 6249721856 "GET /static/admin/js/theme.js HTTP/1.1" 304 0
INFO 2025-07-25 02:16:31,943 basehttp 29351 6165590016 "GET /static/admin/js/nav_sidebar.js HTTP/1.1" 304 0
INFO 2025-07-25 02:16:31,943 basehttp 29351 6216069120 "GET /static/admin/css/dark_mode.css HTTP/1.1" 304 0
INFO 2025-07-25 02:16:31,944 basehttp 29351 6232895488 "GET /static/admin/css/nav_sidebar.css HTTP/1.1" 304 0
INFO 2025-07-25 02:16:31,944 basehttp 29351 6182416384 "GET /static/admin/css/login.css HTTP/1.1" 304 0
INFO 2025-07-25 02:16:31,944 basehttp 29351 6199242752 "GET /static/admin/css/responsive.css HTTP/1.1" 304 0
INFO 2025-07-25 02:16:31,954 basehttp 29351 6216069120 "GET /static/admin/js/theme.js HTTP/1.1" 304 0
INFO 2025-07-25 02:16:31,954 basehttp 29351 6249721856 "GET /static/admin/css/base.css HTTP/1.1" 304 0
INFO 2025-07-25 02:16:31,956 basehttp 29351 6165590016 "GET /static/admin/css/dark_mode.css HTTP/1.1" 304 0
INFO 2025-07-25 02:16:31,956 basehttp 29351 6182416384 "GET /static/admin/js/nav_sidebar.js HTTP/1.1" 304 0
INFO 2025-07-25 02:16:31,956 basehttp 29351 6232895488 "GET /static/admin/css/nav_sidebar.css HTTP/1.1" 304 0
INFO 2025-07-25 02:16:31,956 basehttp 29351 6199242752 "GET /static/admin/css/login.css HTTP/1.1" 304 0
INFO 2025-07-25 02:16:31,956 basehttp 29351 6216069120 "GET /static/admin/css/responsive.css HTTP/1.1" 304 0
INFO 2025-07-25 02:16:37,541 basehttp 29351 6249721856 "POST /admin/login/?next=/admin/ HTTP/1.1" 200 4368
INFO 2025-07-25 02:16:47,998 basehttp 29351 6165590016 "POST /admin/login/?next=/admin/ HTTP/1.1" 200 4367
INFO 2025-07-25 02:17:07,210 basehttp 29351 6165590016 "POST /admin/login/?next=/admin/ HTTP/1.1" 200 4367
INFO 2025-07-25 02:17:10,227 basehttp 29351 6165590016 "POST /admin/login/?next=/admin/ HTTP/1.1" 200 4367
INFO 2025-07-25 02:17:13,366 basehttp 29351 6165590016 "POST /admin/login/?next=/admin/ HTTP/1.1" 200 4367
INFO 2025-07-25 02:17:22,202 basehttp 29351 6165590016 "POST /admin/login/?next=/admin/ HTTP/1.1" 200 4367
INFO 2025-07-25 02:17:43,860 basehttp 29351 6165590016 "GET /admin/ HTTP/1.1" 302 0
INFO 2025-07-25 02:17:43,870 basehttp 29351 6182416384 "GET /admin/login/?next=/admin/ HTTP/1.1" 200 4192
INFO 2025-07-25 02:17:43,874 basehttp 29351 6216069120 "GET /static/admin/css/dark_mode.css HTTP/1.1" 304 0
INFO 2025-07-25 02:17:43,877 basehttp 29351 6182416384 "GET /static/admin/css/responsive.css HTTP/1.1" 304 0
INFO 2025-07-25 02:17:43,879 basehttp 29351 6249721856 "GET /static/admin/css/nav_sidebar.css HTTP/1.1" 304 0
INFO 2025-07-25 02:17:43,879 basehttp 29351 6199242752 "GET /static/admin/css/base.css HTTP/1.1" 304 0
INFO 2025-07-25 02:17:43,879 basehttp 29351 6232895488 "GET /static/admin/js/theme.js HTTP/1.1" 304 0
INFO 2025-07-25 02:17:43,879 basehttp 29351 6216069120 "GET /static/admin/css/login.css HTTP/1.1" 304 0
INFO 2025-07-25 02:17:43,879 basehttp 29351 6165590016 "GET /static/admin/js/nav_sidebar.js HTTP/1.1" 304 0
INFO 2025-07-25 02:18:01,454 basehttp 29351 6182416384 "POST /admin/login/?next=/admin/ HTTP/1.1" 200 4367
INFO 2025-07-25 02:18:35,279 basehttp 29351 6165590016 "GET /admin/ HTTP/1.1" 302 0
INFO 2025-07-25 02:18:47,585 autoreload 31309 8303903296 Watching for file changes with StatReloader
INFO 2025-07-25 02:19:09,364 basehttp 31309 6170963968 "GET /health/ HTTP/1.1" 200 59
INFO 2025-07-25 02:19:23,089 basehttp 31309 6170963968 "GET /admin/ HTTP/1.1" 302 0
INFO 2025-07-25 02:19:23,096 basehttp 31309 6170963968 "GET /admin/login/?next=/admin/ HTTP/1.1" 200 4192
INFO 2025-07-25 02:19:40,241 autoreload 33010 8303903296 Watching for file changes with StatReloader
INFO 2025-07-25 02:19:48,480 basehttp 33010 6126120960 "GET /admin/ HTTP/1.1" 302 0
INFO 2025-07-25 02:19:52,979 autoreload 33486 8303903296 Watching for file changes with StatReloader
INFO 2025-07-25 02:20:05,397 autoreload 33962 8303903296 Watching for file changes with StatReloader
INFO 2025-07-25 02:20:16,084 basehttp 33962 6132428800 "HEAD /admin/ HTTP/1.1" 302 0
INFO 2025-07-25 02:20:20,836 basehttp 33962 6132428800 "GET /admin/login/ HTTP/1.1" 200 4179
INFO 2025-07-25 02:20:44,627 basehttp 33962 6132428800 "POST /admin/login/?next=/admin/ HTTP/1.1" 200 4367
INFO 2025-07-25 02:20:44,645 basehttp 33962 6182907904 "GET /static/admin/css/nav_sidebar.css HTTP/1.1" 200 2694
INFO 2025-07-25 02:20:44,645 basehttp 33962 6166081536 "GET /static/admin/js/theme.js HTTP/1.1" 200 1943
INFO 2025-07-25 02:20:44,645 basehttp 33962 6216560640 "GET /static/admin/css/login.css HTTP/1.1" 200 958
INFO 2025-07-25 02:20:44,646 basehttp 33962 6149255168 "GET /static/admin/css/dark_mode.css HTTP/1.1" 200 2929
INFO 2025-07-25 02:20:44,646 basehttp 33962 6199734272 "GET /static/admin/js/nav_sidebar.js HTTP/1.1" 200 3063
INFO 2025-07-25 02:20:44,646 basehttp 33962 6132428800 "GET /static/admin/css/base.css HTTP/1.1" 200 21207
INFO 2025-07-25 02:20:44,646 basehttp 33962 6182907904 "GET /static/admin/css/responsive.css HTTP/1.1" 200 18533
INFO 2025-07-25 02:20:54,357 basehttp 33962 6166081536 "POST /admin/login/?next=/admin/ HTTP/1.1" 200 4367
INFO 2025-07-25 02:21:03,307 basehttp 33962 6216560640 "POST /admin/login/?next=/admin/ HTTP/1.1" 200 4368
WARNING 2025-07-25 02:21:15,310 log 33962 6166081536 The request's session was deleted before the request completed. The user may have logged out in a concurrent request, for example.: /admin/login/
Traceback (most recent call last):
  File "/Users/sabeehqureshi/Desktop/github projects/Modern-Legacy/django-demo-env/lib/python3.10/site-packages/django/contrib/sessions/middleware.py", line 59, in process_response
    request.session.save()
  File "/Users/sabeehqureshi/Desktop/github projects/Modern-Legacy/django-demo-env/lib/python3.10/site-packages/django/contrib/sessions/backends/cache.py", line 62, in save
    raise UpdateError
django.contrib.sessions.backends.base.UpdateError

During handling of the above exception, another exception occurred:

Traceback (most recent call last):
  File "/Users/sabeehqureshi/Desktop/github projects/Modern-Legacy/django-demo-env/lib/python3.10/site-packages/django/core/handlers/exception.py", line 55, in inner
    response = get_response(request)
  File "/Users/sabeehqureshi/Desktop/github projects/Modern-Legacy/django-demo-env/lib/python3.10/site-packages/django/utils/deprecation.py", line 136, in __call__
    response = self.process_response(request, response)
  File "/Users/sabeehqureshi/Desktop/github projects/Modern-Legacy/django-demo-env/lib/python3.10/site-packages/django/contrib/sessions/middleware.py", line 61, in process_response
    raise SessionInterrupted(
django.contrib.sessions.exceptions.SessionInterrupted: The request's session was deleted before the request completed. The user may have logged out in a concurrent request, for example.
WARNING 2025-07-25 02:21:15,310 basehttp 33962 6166081536 "POST /admin/login/?next=/admin/ HTTP/1.1" 400 80695
INFO 2025-07-25 02:22:13,784 autoreload 33962 8303903296 /Users/sabeehqureshi/Desktop/github projects/Modern-Legacy/modern-edx/services/lms/lms/settings/development.py changed, reloading.
INFO 2025-07-25 02:22:14,030 autoreload 34697 8303903296 Watching for file changes with StatReloader
INFO 2025-07-25 02:22:24,422 autoreload 34697 8303903296 /Users/sabeehqureshi/Desktop/github projects/Modern-Legacy/modern-edx/services/lms/lms/settings/base.py changed, reloading.
INFO 2025-07-25 02:22:24,590 autoreload 34701 8303903296 Watching for file changes with StatReloader
INFO 2025-07-25 02:22:47,643 autoreload 35649 8303903296 Watching for file changes with StatReloader
INFO 2025-07-25 02:22:55,195 basehttp 35649 6157299712 "GET /health/ HTTP/1.1" 200 59
INFO 2025-07-25 02:23:01,290 basehttp 35649 6157299712 "GET /admin/ HTTP/1.1" 302 0
INFO 2025-07-25 02:23:06,176 basehttp 35649 6157299712 "GET /admin/login/ HTTP/1.1" 200 4179
INFO 2025-07-25 02:23:10,308 basehttp 35649 6157299712 "HEAD /admin/ HTTP/1.1" 302 0
INFO 2025-07-25 02:23:47,525 basehttp 35649 6157299712 "POST /admin/login/?next=/admin/ HTTP/1.1" 302 0
INFO 2025-07-25 02:23:48,981 basehttp 35649 6157299712 "GET /admin/ HTTP/1.1" 200 5609
INFO 2025-07-25 02:23:49,003 basehttp 35649 6190952448 "GET /static/admin/js/theme.js HTTP/1.1" 200 1943
INFO 2025-07-25 02:23:49,003 basehttp 35649 6207778816 "GET /static/admin/css/nav_sidebar.css HTTP/1.1" 200 2694
INFO 2025-07-25 02:23:49,003 basehttp 35649 6174126080 "GET /static/admin/css/dark_mode.css HTTP/1.1" 200 2929
INFO 2025-07-25 02:23:49,003 basehttp 35649 6157299712 "GET /static/admin/css/base.css HTTP/1.1" 200 21207
INFO 2025-07-25 02:23:49,004 basehttp 35649 6241431552 "GET /static/admin/css/dashboard.css HTTP/1.1" 200 441
INFO 2025-07-25 02:23:49,004 basehttp 35649 6224605184 "GET /static/admin/js/nav_sidebar.js HTTP/1.1" 200 3063
INFO 2025-07-25 02:23:49,004 basehttp 35649 6190952448 "GET /static/admin/css/responsive.css HTTP/1.1" 200 18533
INFO 2025-07-25 02:23:49,010 basehttp 35649 6207778816 "GET /static/admin/img/icon-addlink.svg HTTP/1.1" 200 331
INFO 2025-07-25 02:23:49,010 basehttp 35649 6174126080 "GET /static/admin/img/icon-changelink.svg HTTP/1.1" 200 380
INFO 2025-07-25 02:24:22,385 basehttp 35649 6157299712 "GET /admin/auth/group/ HTTP/1.1" 200 7262
INFO 2025-07-25 02:24:22,406 basehttp 35649 6157299712 "GET /static/admin/css/changelists.css HTTP/1.1" 200 6566
INFO 2025-07-25 02:24:22,412 basehttp 35649 6224605184 "GET /static/admin/js/core.js HTTP/1.1" 200 5682
INFO 2025-07-25 02:24:22,413 basehttp 35649 6207778816 "GET /static/admin/js/jquery.init.js HTTP/1.1" 200 347
INFO 2025-07-25 02:24:22,414 basehttp 35649 6157299712 "GET /static/admin/js/actions.js HTTP/1.1" 200 7872
INFO 2025-07-25 02:24:22,415 basehttp 35649 6241431552 "GET /static/admin/js/admin/RelatedObjectLookups.js HTTP/1.1" 200 8943
INFO 2025-07-25 02:24:22,417 basehttp 35649 6224605184 "GET /static/admin/js/urlify.js HTTP/1.1" 200 7887
INFO 2025-07-25 02:24:22,417 basehttp 35649 6174126080 "GET /admin/jsi18n/ HTTP/1.1" 200 3343
INFO 2025-07-25 02:24:22,418 basehttp 35649 6241431552 "GET /static/admin/js/filters.js HTTP/1.1" 200 978
INFO 2025-07-25 02:24:22,418 basehttp 35649 6207778816 "GET /static/admin/js/prepopulate.js HTTP/1.1" 200 1531
INFO 2025-07-25 02:24:22,420 basehttp 35649 6157299712 "GET /static/admin/js/vendor/xregexp/xregexp.js HTTP/1.1" 200 232381
INFO 2025-07-25 02:24:22,420 basehttp 35649 6190952448 "GET /static/admin/js/vendor/jquery/jquery.js HTTP/1.1" 200 292458
INFO 2025-07-25 02:24:22,421 basehttp 35649 6224605184 "GET /static/admin/img/search.svg HTTP/1.1" 200 458
INFO 2025-07-25 02:24:22,434 basehttp 35649 6241431552 "GET /static/admin/img/tooltag-add.svg HTTP/1.1" 200 331
INFO 2025-07-25 02:24:27,961 basehttp 35649 6207778816 "GET /admin/auth/user/ HTTP/1.1" 200 10470
INFO 2025-07-25 02:24:27,986 basehttp 35649 6190952448 "GET /static/admin/img/icon-yes.svg HTTP/1.1" 200 436
INFO 2025-07-25 02:24:27,988 basehttp 35649 6157299712 "GET /admin/jsi18n/ HTTP/1.1" 200 3343
INFO 2025-07-25 02:24:27,997 basehttp 35649 6224605184 "GET /static/admin/img/sorting-icons.svg HTTP/1.1" 200 1097
INFO 2025-07-25 02:29:19,256 autoreload 35649 8303903296 /Users/sabeehqureshi/Desktop/github projects/Modern-Legacy/modern-edx/services/lms/lms/settings/base.py changed, reloading.
INFO 2025-07-25 02:29:19,507 autoreload 36893 8303903296 Watching for file changes with StatReloader
INFO 2025-07-25 02:30:24,406 autoreload 36893 8303903296 /Users/sabeehqureshi/Desktop/github projects/Modern-Legacy/modern-edx/services/lms/apps/courses/models.py changed, reloading.
INFO 2025-07-25 02:30:24,656 autoreload 36926 8303903296 Watching for file changes with StatReloader
INFO 2025-07-25 02:30:40,010 autoreload 36926 8303903296 /Users/sabeehqureshi/Desktop/github projects/Modern-Legacy/modern-edx/services/lms/apps/students/models.py changed, reloading.
INFO 2025-07-25 02:30:40,147 autoreload 37413 8303903296 Watching for file changes with StatReloader
INFO 2025-07-25 02:30:48,411 autoreload 37413 8303903296 /Users/sabeehqureshi/Desktop/github projects/Modern-Legacy/modern-edx/services/lms/apps/students/models.py changed, reloading.
INFO 2025-07-25 02:30:48,599 autoreload 37419 8303903296 Watching for file changes with StatReloader
INFO 2025-07-25 02:30:57,877 autoreload 37419 8303903296 /Users/sabeehqureshi/Desktop/github projects/Modern-Legacy/modern-edx/services/lms/apps/students/models.py changed, reloading.
INFO 2025-07-25 02:30:58,025 autoreload 37424 8303903296 Watching for file changes with StatReloader
INFO 2025-07-25 02:31:08,305 autoreload 37424 8303903296 /Users/sabeehqureshi/Desktop/github projects/Modern-Legacy/modern-edx/services/lms/apps/students/models.py changed, reloading.
INFO 2025-07-25 02:31:08,453 autoreload 37429 8303903296 Watching for file changes with StatReloader
INFO 2025-07-25 02:31:17,725 autoreload 37429 8303903296 /Users/sabeehqureshi/Desktop/github projects/Modern-Legacy/modern-edx/services/lms/apps/instructors/models.py changed, reloading.
INFO 2025-07-25 02:31:17,860 autoreload 37433 8303903296 Watching for file changes with StatReloader
INFO 2025-07-25 02:31:27,120 autoreload 37433 8303903296 /Users/sabeehqureshi/Desktop/github projects/Modern-Legacy/modern-edx/services/lms/apps/instructors/models.py changed, reloading.
INFO 2025-07-25 02:31:27,310 autoreload 37437 8303903296 Watching for file changes with StatReloader
INFO 2025-07-25 02:31:35,569 autoreload 37437 8303903296 /Users/sabeehqureshi/Desktop/github projects/Modern-Legacy/modern-edx/services/lms/apps/instructors/models.py changed, reloading.
INFO 2025-07-25 02:31:35,725 autoreload 37441 8303903296 Watching for file changes with StatReloader
INFO 2025-07-25 02:31:44,961 autoreload 37441 8303903296 /Users/sabeehqureshi/Desktop/github projects/Modern-Legacy/modern-edx/services/lms/apps/assessments/models.py changed, reloading.
INFO 2025-07-25 02:31:45,119 autoreload 37445 8303903296 Watching for file changes with StatReloader
INFO 2025-07-25 02:31:58,411 autoreload 37445 8303903296 /Users/sabeehqureshi/Desktop/github projects/Modern-Legacy/modern-edx/services/lms/apps/assessments/models.py changed, reloading.
INFO 2025-07-25 02:31:58,579 autoreload 37454 8303903296 Watching for file changes with StatReloader
INFO 2025-07-25 02:32:07,843 autoreload 37454 8303903296 /Users/sabeehqureshi/Desktop/github projects/Modern-Legacy/modern-edx/services/lms/apps/assessments/models.py changed, reloading.
INFO 2025-07-25 02:32:07,982 autoreload 37467 8303903296 Watching for file changes with StatReloader
INFO 2025-07-25 02:32:17,235 autoreload 37467 8303903296 /Users/sabeehqureshi/Desktop/github projects/Modern-Legacy/modern-edx/services/lms/apps/courses/apps.py changed, reloading.
INFO 2025-07-25 02:32:17,430 autoreload 37473 8303903296 Watching for file changes with StatReloader
INFO 2025-07-25 02:32:21,630 autoreload 37473 8303903296 /Users/sabeehqureshi/Desktop/github projects/Modern-Legacy/modern-edx/services/lms/apps/students/apps.py changed, reloading.
INFO 2025-07-25 02:32:21,761 autoreload 37478 8303903296 Watching for file changes with StatReloader
INFO 2025-07-25 02:36:24,293 autoreload 40154 8303903296 Watching for file changes with StatReloader
INFO 2025-07-25 02:36:48,454 autoreload 40865 8303903296 Watching for file changes with StatReloader
INFO 2025-07-25 02:46:29,989 autoreload 41384 8303903296 Watching for file changes with StatReloader
INFO 2025-07-25 02:47:07,757 autoreload 42573 8303903296 Watching for file changes with StatReloader
INFO 2025-07-25 02:47:24,347 autoreload 43284 8303903296 Watching for file changes with StatReloader
INFO 2025-07-25 02:48:26,695 autoreload 43526 8303903296 Watching for file changes with StatReloader
INFO 2025-07-25 02:48:34,218 basehttp 43526 6171013120 "GET /health/ HTTP/1.1" 200 59
INFO 2025-07-25 02:48:39,012 basehttp 43526 6171013120 "GET / HTTP/1.1" 200 5482
INFO 2025-07-25 02:48:44,079 basehttp 43526 6171013120 "HEAD /admin/ HTTP/1.1" 302 0
INFO 2025-07-25 02:49:00,853 basehttp 43526 6171013120 "GET /admin/ HTTP/1.1" 200 16730
INFO 2025-07-25 02:49:00,934 basehttp 43526 6221492224 "GET /static/admin/css/nav_sidebar.css HTTP/1.1" 200 2694
INFO 2025-07-25 02:49:00,934 basehttp 43526 6187839488 "GET /static/admin/css/dark_mode.css HTTP/1.1" 200 2929
INFO 2025-07-25 02:49:00,934 basehttp 43526 6255144960 "GET /static/admin/css/dashboard.css HTTP/1.1" 200 441
INFO 2025-07-25 02:49:00,935 basehttp 43526 6171013120 "GET /static/admin/css/base.css HTTP/1.1" 200 21207
INFO 2025-07-25 02:49:00,935 basehttp 43526 6204665856 "GET /static/admin/js/theme.js HTTP/1.1" 200 1943
INFO 2025-07-25 02:49:00,935 basehttp 43526 6238318592 "GET /static/admin/js/nav_sidebar.js HTTP/1.1" 200 3063
INFO 2025-07-25 02:49:00,935 basehttp 43526 6221492224 "GET /static/admin/css/responsive.css HTTP/1.1" 200 18533
INFO 2025-07-25 02:49:00,942 basehttp 43526 6255144960 "GET /static/admin/img/icon-changelink.svg HTTP/1.1" 200 380
INFO 2025-07-25 02:49:00,943 basehttp 43526 6187839488 "GET /static/admin/img/icon-addlink.svg HTTP/1.1" 200 331
WARNING 2025-07-25 02:49:00,956 log 43526 6271971328 Not Found: /apple-touch-icon-precomposed.png
WARNING 2025-07-25 02:49:00,956 basehttp 43526 6271971328 "GET /apple-touch-icon-precomposed.png HTTP/1.1" 404 2985
WARNING 2025-07-25 02:49:00,958 log 43526 6271971328 Not Found: /apple-touch-icon.png
WARNING 2025-07-25 02:49:00,958 basehttp 43526 6271971328 "GET /apple-touch-icon.png HTTP/1.1" 404 2949
INFO 2025-07-25 02:49:16,798 basehttp 43526 6204665856 "GET / HTTP/1.1" 200 5482
INFO 2025-07-25 02:51:47,880 basehttp 43526 6187839488 "GET /admin/ HTTP/1.1" 200 16730
INFO 2025-07-25 02:51:47,884 basehttp 43526 6171013120 "GET /static/admin/css/login.css HTTP/1.1" 304 0
INFO 2025-07-25 02:52:16,912 basehttp 43526 6171013120 - Broken pipe from ('127.0.0.1', 53432)
INFO 2025-07-25 02:53:03,922 autoreload 43526 8303903296 /Users/sabeehqureshi/Desktop/github projects/Modern-Legacy/modern-edx/services/lms/lms/urls.py changed, reloading.
INFO 2025-07-25 02:53:04,224 autoreload 44804 8303903296 Watching for file changes with StatReloader
INFO 2025-07-25 02:53:33,938 autoreload 45290 8303903296 Watching for file changes with StatReloader
INFO 2025-07-25 02:53:42,799 basehttp 45290 6200832000 "GET /health/ HTTP/1.1" 200 59
INFO 2025-07-25 02:54:39,438 basehttp 45290 6200832000 "GET / HTTP/1.1" 200 5741
INFO 2025-07-25 02:54:41,358 basehttp 45290 6200832000 "GET /courses/ HTTP/1.1" 200 4601
ERROR 2025-07-25 02:54:44,457 log 45290 6200832000 Internal Server Error: /students/dashboard/
Traceback (most recent call last):
  File "/Users/sabeehqureshi/Desktop/github projects/Modern-Legacy/django-demo-env/lib/python3.10/site-packages/django/db/models/query.py", line 916, in get_or_create
    return self.get(**kwargs), False
  File "/Users/sabeehqureshi/Desktop/github projects/Modern-Legacy/django-demo-env/lib/python3.10/site-packages/django/db/models/query.py", line 637, in get
    raise self.model.DoesNotExist(
apps.students.models.LearningAnalytics.DoesNotExist: LearningAnalytics matching query does not exist.

During handling of the above exception, another exception occurred:

Traceback (most recent call last):
  File "/Users/sabeehqureshi/Desktop/github projects/Modern-Legacy/django-demo-env/lib/python3.10/site-packages/django/core/handlers/exception.py", line 55, in inner
    response = get_response(request)
  File "/Users/sabeehqureshi/Desktop/github projects/Modern-Legacy/django-demo-env/lib/python3.10/site-packages/django/core/handlers/base.py", line 197, in _get_response
    response = wrapped_callback(request, *callback_args, **callback_kwargs)
  File "/Users/sabeehqureshi/Desktop/github projects/Modern-Legacy/django-demo-env/lib/python3.10/site-packages/django/contrib/auth/decorators.py", line 23, in _wrapper_view
    return view_func(request, *args, **kwargs)
  File "/Users/sabeehqureshi/Desktop/github projects/Modern-Legacy/modern-edx/services/lms/apps/students/views.py", line 16, in dashboard
    analytics, created = LearningAnalytics.objects.get_or_create(user=request.user)
  File "/Users/sabeehqureshi/Desktop/github projects/Modern-Legacy/django-demo-env/lib/python3.10/site-packages/django/db/models/manager.py", line 87, in manager_method
    return getattr(self.get_queryset(), name)(*args, **kwargs)
  File "/Users/sabeehqureshi/Desktop/github projects/Modern-Legacy/django-demo-env/lib/python3.10/site-packages/django/db/models/query.py", line 923, in get_or_create
    return self.create(**params), True
  File "/Users/sabeehqureshi/Desktop/github projects/Modern-Legacy/django-demo-env/lib/python3.10/site-packages/django/db/models/query.py", line 658, in create
    obj.save(force_insert=True, using=self.db)
  File "/Users/sabeehqureshi/Desktop/github projects/Modern-Legacy/django-demo-env/lib/python3.10/site-packages/django/db/models/base.py", line 814, in save
    self.save_base(
  File "/Users/sabeehqureshi/Desktop/github projects/Modern-Legacy/django-demo-env/lib/python3.10/site-packages/django/db/models/base.py", line 877, in save_base
    updated = self._save_table(
  File "/Users/sabeehqureshi/Desktop/github projects/Modern-Legacy/django-demo-env/lib/python3.10/site-packages/django/db/models/base.py", line 1020, in _save_table
    results = self._do_insert(
  File "/Users/sabeehqureshi/Desktop/github projects/Modern-Legacy/django-demo-env/lib/python3.10/site-packages/django/db/models/base.py", line 1061, in _do_insert
    return manager._insert(
  File "/Users/sabeehqureshi/Desktop/github projects/Modern-Legacy/django-demo-env/lib/python3.10/site-packages/django/db/models/manager.py", line 87, in manager_method
    return getattr(self.get_queryset(), name)(*args, **kwargs)
  File "/Users/sabeehqureshi/Desktop/github projects/Modern-Legacy/django-demo-env/lib/python3.10/site-packages/django/db/models/query.py", line 1805, in _insert
    return query.get_compiler(using=using).execute_sql(returning_fields)
  File "/Users/sabeehqureshi/Desktop/github projects/Modern-Legacy/django-demo-env/lib/python3.10/site-packages/django/db/models/sql/compiler.py", line 1821, in execute_sql
    for sql, params in self.as_sql():
  File "/Users/sabeehqureshi/Desktop/github projects/Modern-Legacy/django-demo-env/lib/python3.10/site-packages/django/db/models/sql/compiler.py", line 1745, in as_sql
    value_rows = [
  File "/Users/sabeehqureshi/Desktop/github projects/Modern-Legacy/django-demo-env/lib/python3.10/site-packages/django/db/models/sql/compiler.py", line 1746, in <listcomp>
    [
  File "/Users/sabeehqureshi/Desktop/github projects/Modern-Legacy/django-demo-env/lib/python3.10/site-packages/django/db/models/sql/compiler.py", line 1747, in <listcomp>
    self.prepare_value(field, self.pre_save_val(field, obj))
  File "/Users/sabeehqureshi/Desktop/github projects/Modern-Legacy/django-demo-env/lib/python3.10/site-packages/django/db/models/sql/compiler.py", line 1686, in prepare_value
    return field.get_db_prep_save(value, connection=self.connection)
  File "/Users/sabeehqureshi/Desktop/github projects/Modern-Legacy/django-demo-env/lib/python3.10/site-packages/django/db/models/fields/__init__.py", line 954, in get_db_prep_save
    return self.get_db_prep_value(value, connection=connection, prepared=False)
  File "/Users/sabeehqureshi/Desktop/github projects/Modern-Legacy/django-demo-env/lib/python3.10/site-packages/django/db/models/fields/__init__.py", line 1822, in get_db_prep_value
    return duration_microseconds(value)
  File "/Users/sabeehqureshi/Desktop/github projects/Modern-Legacy/django-demo-env/lib/python3.10/site-packages/django/utils/duration.py", line 46, in duration_microseconds
    return (24 * 60 * 60 * delta.days + delta.seconds) * 1000000 + delta.microseconds
AttributeError: 'str' object has no attribute 'days'
ERROR 2025-07-25 02:54:44,458 basehttp 45290 6200832000 "GET /students/dashboard/ HTTP/1.1" 500 167677
ERROR 2025-07-25 02:54:47,604 log 45290 6200832000 Internal Server Error: /courses/my-courses/
Traceback (most recent call last):
  File "/Users/sabeehqureshi/Desktop/github projects/Modern-Legacy/django-demo-env/lib/python3.10/site-packages/django/core/handlers/exception.py", line 55, in inner
    response = get_response(request)
  File "/Users/sabeehqureshi/Desktop/github projects/Modern-Legacy/django-demo-env/lib/python3.10/site-packages/django/core/handlers/base.py", line 197, in _get_response
    response = wrapped_callback(request, *callback_args, **callback_kwargs)
  File "/Users/sabeehqureshi/Desktop/github projects/Modern-Legacy/django-demo-env/lib/python3.10/site-packages/django/contrib/auth/decorators.py", line 23, in _wrapper_view
    return view_func(request, *args, **kwargs)
  File "/Users/sabeehqureshi/Desktop/github projects/Modern-Legacy/modern-edx/services/lms/apps/courses/views.py", line 55, in my_courses
    return render(request, 'courses/my_courses.html', context)
  File "/Users/sabeehqureshi/Desktop/github projects/Modern-Legacy/django-demo-env/lib/python3.10/site-packages/django/shortcuts.py", line 24, in render
    content = loader.render_to_string(template_name, context, request, using=using)
  File "/Users/sabeehqureshi/Desktop/github projects/Modern-Legacy/django-demo-env/lib/python3.10/site-packages/django/template/loader.py", line 61, in render_to_string
    template = get_template(template_name, using=using)
  File "/Users/sabeehqureshi/Desktop/github projects/Modern-Legacy/django-demo-env/lib/python3.10/site-packages/django/template/loader.py", line 19, in get_template
    raise TemplateDoesNotExist(template_name, chain=chain)
django.template.exceptions.TemplateDoesNotExist: courses/my_courses.html
ERROR 2025-07-25 02:54:47,605 basehttp 45290 6200832000 "GET /courses/my-courses/ HTTP/1.1" 500 90629
INFO 2025-07-25 02:54:50,144 basehttp 45290 6200832000 "GET /admin/ HTTP/1.1" 200 16730
INFO 2025-07-25 02:54:50,147 basehttp 45290 6217658368 "GET /static/admin/css/base.css HTTP/1.1" 304 0
INFO 2025-07-25 02:54:50,147 basehttp 45290 6234484736 "GET /static/admin/css/nav_sidebar.css HTTP/1.1" 304 0
INFO 2025-07-25 02:54:50,148 basehttp 45290 6251311104 "GET /static/admin/css/dark_mode.css HTTP/1.1" 304 0
INFO 2025-07-25 02:54:50,149 basehttp 45290 6268137472 "GET /static/admin/js/nav_sidebar.js HTTP/1.1" 304 0
INFO 2025-07-25 02:54:50,149 basehttp 45290 6284963840 "GET /static/admin/js/theme.js HTTP/1.1" 304 0
INFO 2025-07-25 02:54:50,149 basehttp 45290 6200832000 "GET /static/admin/css/responsive.css HTTP/1.1" 304 0
INFO 2025-07-25 02:54:50,157 basehttp 45290 6217658368 "GET /static/admin/css/base.css HTTP/1.1" 304 0
INFO 2025-07-25 02:54:50,158 basehttp 45290 6268137472 "GET /static/admin/css/nav_sidebar.css HTTP/1.1" 304 0
INFO 2025-07-25 02:54:50,158 basehttp 45290 6284963840 "GET /static/admin/js/nav_sidebar.js HTTP/1.1" 304 0
INFO 2025-07-25 02:54:50,158 basehttp 45290 6251311104 "GET /static/admin/js/theme.js HTTP/1.1" 304 0
INFO 2025-07-25 02:54:50,158 basehttp 45290 6234484736 "GET /static/admin/css/dark_mode.css HTTP/1.1" 304 0
INFO 2025-07-25 02:54:50,158 basehttp 45290 6200832000 "GET /static/admin/css/responsive.css HTTP/1.1" 304 0
INFO 2025-07-25 02:54:50,159 basehttp 45290 6217658368 "GET /static/admin/css/dashboard.css HTTP/1.1" 304 0
INFO 2025-07-25 02:54:50,162 basehttp 45290 6284963840 "GET /static/admin/img/icon-changelink.svg HTTP/1.1" 304 0
INFO 2025-07-25 02:54:50,162 basehttp 45290 6268137472 "GET /static/admin/img/icon-addlink.svg HTTP/1.1" 304 0
INFO 2025-07-25 02:54:52,376 basehttp 45290 6234484736 "GET /api/v1/ HTTP/1.1" 200 10238
INFO 2025-07-25 02:54:52,381 basehttp 45290 6217658368 "GET /static/rest_framework/css/bootstrap.min.css HTTP/1.1" 304 0
INFO 2025-07-25 02:54:52,383 basehttp 45290 6251311104 "GET /static/rest_framework/css/prettify.css HTTP/1.1" 304 0
INFO 2025-07-25 02:54:52,383 basehttp 45290 6284963840 "GET /static/rest_framework/css/bootstrap-tweaks.css HTTP/1.1" 304 0
INFO 2025-07-25 02:54:52,385 basehttp 45290 6217658368 "GET /static/rest_framework/css/default.css HTTP/1.1" 304 0
INFO 2025-07-25 02:54:52,385 basehttp 45290 6268137472 "GET /static/rest_framework/js/jquery-3.5.1.min.js HTTP/1.1" 304 0
INFO 2025-07-25 02:54:52,385 basehttp 45290 6200832000 "GET /static/rest_framework/js/ajax-form.js HTTP/1.1" 304 0
INFO 2025-07-25 02:54:52,385 basehttp 45290 6234484736 "GET /static/rest_framework/js/csrf.js HTTP/1.1" 304 0
INFO 2025-07-25 02:54:52,385 basehttp 45290 6251311104 "GET /static/rest_framework/js/bootstrap.min.js HTTP/1.1" 304 0
INFO 2025-07-25 02:54:52,386 basehttp 45290 6284963840 "GET /static/rest_framework/img/grid.png HTTP/1.1" 304 0
INFO 2025-07-25 02:54:52,386 basehttp 45290 6217658368 "GET /static/rest_framework/js/prettify-min.js HTTP/1.1" 304 0
INFO 2025-07-25 02:54:52,387 basehttp 45290 6200832000 "GET /static/rest_framework/js/default.js HTTP/1.1" 304 0
ERROR 2025-07-25 02:54:55,142 log 45290 6234484736 Internal Server Error: /students/dashboard/
Traceback (most recent call last):
  File "/Users/sabeehqureshi/Desktop/github projects/Modern-Legacy/django-demo-env/lib/python3.10/site-packages/django/db/models/query.py", line 916, in get_or_create
    return self.get(**kwargs), False
  File "/Users/sabeehqureshi/Desktop/github projects/Modern-Legacy/django-demo-env/lib/python3.10/site-packages/django/db/models/query.py", line 637, in get
    raise self.model.DoesNotExist(
apps.students.models.LearningAnalytics.DoesNotExist: LearningAnalytics matching query does not exist.

During handling of the above exception, another exception occurred:

Traceback (most recent call last):
  File "/Users/sabeehqureshi/Desktop/github projects/Modern-Legacy/django-demo-env/lib/python3.10/site-packages/django/core/handlers/exception.py", line 55, in inner
    response = get_response(request)
  File "/Users/sabeehqureshi/Desktop/github projects/Modern-Legacy/django-demo-env/lib/python3.10/site-packages/django/core/handlers/base.py", line 197, in _get_response
    response = wrapped_callback(request, *callback_args, **callback_kwargs)
  File "/Users/sabeehqureshi/Desktop/github projects/Modern-Legacy/django-demo-env/lib/python3.10/site-packages/django/contrib/auth/decorators.py", line 23, in _wrapper_view
    return view_func(request, *args, **kwargs)
  File "/Users/sabeehqureshi/Desktop/github projects/Modern-Legacy/modern-edx/services/lms/apps/students/views.py", line 16, in dashboard
    analytics, created = LearningAnalytics.objects.get_or_create(user=request.user)
  File "/Users/sabeehqureshi/Desktop/github projects/Modern-Legacy/django-demo-env/lib/python3.10/site-packages/django/db/models/manager.py", line 87, in manager_method
    return getattr(self.get_queryset(), name)(*args, **kwargs)
  File "/Users/sabeehqureshi/Desktop/github projects/Modern-Legacy/django-demo-env/lib/python3.10/site-packages/django/db/models/query.py", line 923, in get_or_create
    return self.create(**params), True
  File "/Users/sabeehqureshi/Desktop/github projects/Modern-Legacy/django-demo-env/lib/python3.10/site-packages/django/db/models/query.py", line 658, in create
    obj.save(force_insert=True, using=self.db)
  File "/Users/sabeehqureshi/Desktop/github projects/Modern-Legacy/django-demo-env/lib/python3.10/site-packages/django/db/models/base.py", line 814, in save
    self.save_base(
  File "/Users/sabeehqureshi/Desktop/github projects/Modern-Legacy/django-demo-env/lib/python3.10/site-packages/django/db/models/base.py", line 877, in save_base
    updated = self._save_table(
  File "/Users/sabeehqureshi/Desktop/github projects/Modern-Legacy/django-demo-env/lib/python3.10/site-packages/django/db/models/base.py", line 1020, in _save_table
    results = self._do_insert(
  File "/Users/sabeehqureshi/Desktop/github projects/Modern-Legacy/django-demo-env/lib/python3.10/site-packages/django/db/models/base.py", line 1061, in _do_insert
    return manager._insert(
  File "/Users/sabeehqureshi/Desktop/github projects/Modern-Legacy/django-demo-env/lib/python3.10/site-packages/django/db/models/manager.py", line 87, in manager_method
    return getattr(self.get_queryset(), name)(*args, **kwargs)
  File "/Users/sabeehqureshi/Desktop/github projects/Modern-Legacy/django-demo-env/lib/python3.10/site-packages/django/db/models/query.py", line 1805, in _insert
    return query.get_compiler(using=using).execute_sql(returning_fields)
  File "/Users/sabeehqureshi/Desktop/github projects/Modern-Legacy/django-demo-env/lib/python3.10/site-packages/django/db/models/sql/compiler.py", line 1821, in execute_sql
    for sql, params in self.as_sql():
  File "/Users/sabeehqureshi/Desktop/github projects/Modern-Legacy/django-demo-env/lib/python3.10/site-packages/django/db/models/sql/compiler.py", line 1745, in as_sql
    value_rows = [
  File "/Users/sabeehqureshi/Desktop/github projects/Modern-Legacy/django-demo-env/lib/python3.10/site-packages/django/db/models/sql/compiler.py", line 1746, in <listcomp>
    [
  File "/Users/sabeehqureshi/Desktop/github projects/Modern-Legacy/django-demo-env/lib/python3.10/site-packages/django/db/models/sql/compiler.py", line 1747, in <listcomp>
    self.prepare_value(field, self.pre_save_val(field, obj))
  File "/Users/sabeehqureshi/Desktop/github projects/Modern-Legacy/django-demo-env/lib/python3.10/site-packages/django/db/models/sql/compiler.py", line 1686, in prepare_value
    return field.get_db_prep_save(value, connection=self.connection)
  File "/Users/sabeehqureshi/Desktop/github projects/Modern-Legacy/django-demo-env/lib/python3.10/site-packages/django/db/models/fields/__init__.py", line 954, in get_db_prep_save
    return self.get_db_prep_value(value, connection=connection, prepared=False)
  File "/Users/sabeehqureshi/Desktop/github projects/Modern-Legacy/django-demo-env/lib/python3.10/site-packages/django/db/models/fields/__init__.py", line 1822, in get_db_prep_value
    return duration_microseconds(value)
  File "/Users/sabeehqureshi/Desktop/github projects/Modern-Legacy/django-demo-env/lib/python3.10/site-packages/django/utils/duration.py", line 46, in duration_microseconds
    return (24 * 60 * 60 * delta.days + delta.seconds) * 1000000 + delta.microseconds
AttributeError: 'str' object has no attribute 'days'
ERROR 2025-07-25 02:54:55,143 basehttp 45290 6234484736 "GET /students/dashboard/ HTTP/1.1" 500 167678
INFO 2025-07-25 02:57:21,264 autoreload 45290 8303903296 /Users/sabeehqureshi/Desktop/github projects/Modern-Legacy/modern-edx/services/lms/apps/students/models.py changed, reloading.
INFO 2025-07-25 02:57:21,594 autoreload 45822 8303903296 Watching for file changes with StatReloader
INFO 2025-07-25 02:57:32,023 autoreload 45822 8303903296 /Users/sabeehqureshi/Desktop/github projects/Modern-Legacy/modern-edx/services/lms/apps/students/models.py changed, reloading.
INFO 2025-07-25 02:57:32,227 autoreload 45826 8303903296 Watching for file changes with StatReloader
INFO 2025-07-25 02:57:41,599 autoreload 45826 8303903296 /Users/sabeehqureshi/Desktop/github projects/Modern-Legacy/modern-edx/services/lms/apps/students/models.py changed, reloading.
INFO 2025-07-25 02:57:41,807 autoreload 45831 8303903296 Watching for file changes with StatReloader
INFO 2025-07-25 02:58:50,451 basehttp 45831 6123384832 "GET / HTTP/1.1" 200 5741
INFO 2025-07-25 02:58:51,885 basehttp 45831 6123384832 "GET /students/dashboard/ HTTP/1.1" 200 4570
ERROR 2025-07-25 02:58:55,337 log 45831 6123384832 Internal Server Error: /students/profile/
Traceback (most recent call last):
  File "/Users/sabeehqureshi/Desktop/github projects/Modern-Legacy/django-demo-env/lib/python3.10/site-packages/django/core/handlers/exception.py", line 55, in inner
    response = get_response(request)
  File "/Users/sabeehqureshi/Desktop/github projects/Modern-Legacy/django-demo-env/lib/python3.10/site-packages/django/core/handlers/base.py", line 197, in _get_response
    response = wrapped_callback(request, *callback_args, **callback_kwargs)
  File "/Users/sabeehqureshi/Desktop/github projects/Modern-Legacy/django-demo-env/lib/python3.10/site-packages/django/contrib/auth/decorators.py", line 23, in _wrapper_view
    return view_func(request, *args, **kwargs)
  File "/Users/sabeehqureshi/Desktop/github projects/Modern-Legacy/modern-edx/services/lms/apps/students/views.py", line 35, in profile_view
    return render(request, 'students/profile.html', context)
  File "/Users/sabeehqureshi/Desktop/github projects/Modern-Legacy/django-demo-env/lib/python3.10/site-packages/django/shortcuts.py", line 24, in render
    content = loader.render_to_string(template_name, context, request, using=using)
  File "/Users/sabeehqureshi/Desktop/github projects/Modern-Legacy/django-demo-env/lib/python3.10/site-packages/django/template/loader.py", line 61, in render_to_string
    template = get_template(template_name, using=using)
  File "/Users/sabeehqureshi/Desktop/github projects/Modern-Legacy/django-demo-env/lib/python3.10/site-packages/django/template/loader.py", line 19, in get_template
    raise TemplateDoesNotExist(template_name, chain=chain)
django.template.exceptions.TemplateDoesNotExist: students/profile.html
ERROR 2025-07-25 02:58:55,338 basehttp 45831 6123384832 "GET /students/profile/ HTTP/1.1" 500 90859
ERROR 2025-07-25 02:58:58,023 log 45831 6123384832 Internal Server Error: /courses/my-courses/
Traceback (most recent call last):
  File "/Users/sabeehqureshi/Desktop/github projects/Modern-Legacy/django-demo-env/lib/python3.10/site-packages/django/core/handlers/exception.py", line 55, in inner
    response = get_response(request)
  File "/Users/sabeehqureshi/Desktop/github projects/Modern-Legacy/django-demo-env/lib/python3.10/site-packages/django/core/handlers/base.py", line 197, in _get_response
    response = wrapped_callback(request, *callback_args, **callback_kwargs)
  File "/Users/sabeehqureshi/Desktop/github projects/Modern-Legacy/django-demo-env/lib/python3.10/site-packages/django/contrib/auth/decorators.py", line 23, in _wrapper_view
    return view_func(request, *args, **kwargs)
  File "/Users/sabeehqureshi/Desktop/github projects/Modern-Legacy/modern-edx/services/lms/apps/courses/views.py", line 55, in my_courses
    return render(request, 'courses/my_courses.html', context)
  File "/Users/sabeehqureshi/Desktop/github projects/Modern-Legacy/django-demo-env/lib/python3.10/site-packages/django/shortcuts.py", line 24, in render
    content = loader.render_to_string(template_name, context, request, using=using)
  File "/Users/sabeehqureshi/Desktop/github projects/Modern-Legacy/django-demo-env/lib/python3.10/site-packages/django/template/loader.py", line 61, in render_to_string
    template = get_template(template_name, using=using)
  File "/Users/sabeehqureshi/Desktop/github projects/Modern-Legacy/django-demo-env/lib/python3.10/site-packages/django/template/loader.py", line 19, in get_template
    raise TemplateDoesNotExist(template_name, chain=chain)
django.template.exceptions.TemplateDoesNotExist: courses/my_courses.html
ERROR 2025-07-25 02:58:58,024 basehttp 45831 6123384832 "GET /courses/my-courses/ HTTP/1.1" 500 90648
INFO 2025-07-25 02:59:00,295 basehttp 45831 6123384832 "GET / HTTP/1.1" 200 5741
ERROR 2025-07-25 02:59:12,450 log 45831 6123384832 Internal Server Error: /courses/my-courses/
Traceback (most recent call last):
  File "/Users/sabeehqureshi/Desktop/github projects/Modern-Legacy/django-demo-env/lib/python3.10/site-packages/django/core/handlers/exception.py", line 55, in inner
    response = get_response(request)
  File "/Users/sabeehqureshi/Desktop/github projects/Modern-Legacy/django-demo-env/lib/python3.10/site-packages/django/core/handlers/base.py", line 197, in _get_response
    response = wrapped_callback(request, *callback_args, **callback_kwargs)
  File "/Users/sabeehqureshi/Desktop/github projects/Modern-Legacy/django-demo-env/lib/python3.10/site-packages/django/contrib/auth/decorators.py", line 23, in _wrapper_view
    return view_func(request, *args, **kwargs)
  File "/Users/sabeehqureshi/Desktop/github projects/Modern-Legacy/modern-edx/services/lms/apps/courses/views.py", line 55, in my_courses
    return render(request, 'courses/my_courses.html', context)
  File "/Users/sabeehqureshi/Desktop/github projects/Modern-Legacy/django-demo-env/lib/python3.10/site-packages/django/shortcuts.py", line 24, in render
    content = loader.render_to_string(template_name, context, request, using=using)
  File "/Users/sabeehqureshi/Desktop/github projects/Modern-Legacy/django-demo-env/lib/python3.10/site-packages/django/template/loader.py", line 61, in render_to_string
    template = get_template(template_name, using=using)
  File "/Users/sabeehqureshi/Desktop/github projects/Modern-Legacy/django-demo-env/lib/python3.10/site-packages/django/template/loader.py", line 19, in get_template
    raise TemplateDoesNotExist(template_name, chain=chain)
django.template.exceptions.TemplateDoesNotExist: courses/my_courses.html
ERROR 2025-07-25 02:59:12,451 basehttp 45831 6123384832 "GET /courses/my-courses/ HTTP/1.1" 500 90629
INFO 2025-07-25 03:01:09,152 basehttp 45831 6123384832 "GET / HTTP/1.1" 200 5741
INFO 2025-07-25 03:01:10,679 basehttp 45831 6123384832 "GET /courses/my-courses/ HTTP/1.1" 200 4728
INFO 2025-07-25 03:01:12,049 basehttp 45831 6123384832 "GET /courses/ HTTP/1.1" 200 4601
INFO 2025-07-25 03:01:13,115 basehttp 45831 6123384832 "GET / HTTP/1.1" 200 5741
